<?xml version="1.0" encoding="UTF-8"?>
<!-- Generated by org.testng.reporters.JUnitXMLReporter -->
<testsuite ignored="0" hostname="DESKTOP-EMUU5D0" failures="0" tests="4" name="firefox" time="0.118" errors="0" timestamp="2022-07-21T08:02:45 IST">
  <testcase classname="testPack.TestClassA" name="test1" time="0.016"/>
  <testcase classname="testPack.TestClassA" name="test2" time="0.003"/>
  <testcase classname="testPack.TestClassB" name="test1" time="0.004"/>
  <testcase classname="testPack.TestClassB" name="test2" time="0.003"/>
</testsuite> <!-- firefox -->
