<?xml version="1.0" encoding="UTF-8"?>
<!-- Generated by org.testng.reporters.JUnitXMLReporter -->
<testsuite ignored="0" hostname="DESKTOP-EMUU5D0" failures="0" tests="4" name="Test" time="0.118" errors="0" timestamp="2022-07-21T07:38:51 IST">
  <testcase classname="testPack.TestClassA" name="test1" time="0.013"/>
  <testcase classname="testPack.TestClassA" name="test2" time="0.003"/>
  <testcase classname="testPack.TestClassB" name="test1" time="0.002"/>
  <testcase classname="testPack.TestClassB" name="test2" time="0.006"/>
</testsuite> <!-- Test -->
