<?xml version="1.0" encoding="UTF-8"?>
<testng-results ignored="0" total="8" passed="8" failed="0" skipped="0">
  <reporter-output>
  </reporter-output>
  <suite started-at="2022-07-21T08:02:45 IST" name="Suite" finished-at="2022-07-21T08:02:45 IST" duration-ms="149">
    <groups>
    </groups>
    <test started-at="2022-07-21T08:02:45 IST" name="chrome" finished-at="2022-07-21T08:02:45 IST" duration-ms="148">
      <class name="testPack.TestClassB">
        <test-method is-config="true" signature="beforeClass()[pri:0, instance:testPack.TestClassB@3e92efc3]" started-at="2022-07-21T08:02:45 IST" name="beforeClass" finished-at="2022-07-21T08:02:45 IST" duration-ms="1" status="PASS">
          <reporter-output>
          </reporter-output>
        </test-method> <!-- beforeClass -->
        <test-method is-config="true" signature="beforeMethod()[pri:0, instance:testPack.TestClassB@3e92efc3]" started-at="2022-07-21T08:02:45 IST" name="beforeMethod" finished-at="2022-07-21T08:02:45 IST" duration-ms="3" status="PASS">
          <reporter-output>
          </reporter-output>
        </test-method> <!-- beforeMethod -->
        <test-method signature="test1()[pri:0, instance:testPack.TestClassB@3e92efc3]" started-at="2022-07-21T08:02:45 IST" name="test1" finished-at="2022-07-21T08:02:45 IST" duration-ms="14" status="PASS">
          <reporter-output>
          </reporter-output>
        </test-method> <!-- test1 -->
        <test-method is-config="true" signature="afterMethod()[pri:0, instance:testPack.TestClassB@3e92efc3]" started-at="2022-07-21T08:02:45 IST" name="afterMethod" finished-at="2022-07-21T08:02:45 IST" duration-ms="2" status="PASS">
          <reporter-output>
          </reporter-output>
        </test-method> <!-- afterMethod -->
        <test-method signature="test2()[pri:0, instance:testPack.TestClassB@3e92efc3]" started-at="2022-07-21T08:02:45 IST" name="test2" finished-at="2022-07-21T08:02:45 IST" duration-ms="25" status="PASS">
          <reporter-output>
          </reporter-output>
        </test-method> <!-- test2 -->
        <test-method is-config="true" signature="beforeMethod()[pri:0, instance:testPack.TestClassB@3e92efc3]" started-at="2022-07-21T08:02:45 IST" name="beforeMethod" finished-at="2022-07-21T08:02:45 IST" duration-ms="0" status="PASS">
          <reporter-output>
          </reporter-output>
        </test-method> <!-- beforeMethod -->
        <test-method is-config="true" signature="afterMethod()[pri:0, instance:testPack.TestClassB@3e92efc3]" started-at="2022-07-21T08:02:45 IST" name="afterMethod" finished-at="2022-07-21T08:02:45 IST" duration-ms="1" status="PASS">
          <reporter-output>
          </reporter-output>
        </test-method> <!-- afterMethod -->
      </class> <!-- testPack.TestClassB -->
      <class name="testPack.TestClassA">
        <test-method is-config="true" signature="beforeTest()[pri:0, instance:testPack.TestClassA@3c419631]" started-at="2022-07-21T08:02:45 IST" name="beforeTest" finished-at="2022-07-21T08:02:45 IST" duration-ms="1" status="PASS">
          <reporter-output>
          </reporter-output>
        </test-method> <!-- beforeTest -->
        <test-method is-config="true" signature="beforeClass()[pri:0, instance:testPack.TestClassA@3c419631]" started-at="2022-07-21T08:02:45 IST" name="beforeClass" finished-at="2022-07-21T08:02:45 IST" duration-ms="1" status="PASS">
          <reporter-output>
          </reporter-output>
        </test-method> <!-- beforeClass -->
        <test-method is-config="true" signature="beforeMethod()[pri:0, instance:testPack.TestClassA@3c419631]" started-at="2022-07-21T08:02:45 IST" name="beforeMethod" finished-at="2022-07-21T08:02:45 IST" duration-ms="1" status="PASS">
          <reporter-output>
          </reporter-output>
        </test-method> <!-- beforeMethod -->
        <test-method signature="test1()[pri:0, instance:testPack.TestClassA@3c419631]" started-at="2022-07-21T08:02:45 IST" name="test1" finished-at="2022-07-21T08:02:45 IST" duration-ms="14" status="PASS">
          <reporter-output>
          </reporter-output>
        </test-method> <!-- test1 -->
        <test-method is-config="true" signature="afterMethod()[pri:0, instance:testPack.TestClassA@3c419631]" started-at="2022-07-21T08:02:45 IST" name="afterMethod" finished-at="2022-07-21T08:02:45 IST" duration-ms="2" status="PASS">
          <reporter-output>
          </reporter-output>
        </test-method> <!-- afterMethod -->
        <test-method is-config="true" signature="beforeMethod()[pri:0, instance:testPack.TestClassA@3c419631]" started-at="2022-07-21T08:02:45 IST" name="beforeMethod" finished-at="2022-07-21T08:02:45 IST" duration-ms="1" status="PASS">
          <reporter-output>
          </reporter-output>
        </test-method> <!-- beforeMethod -->
        <test-method signature="test2()[pri:0, instance:testPack.TestClassA@3c419631]" started-at="2022-07-21T08:02:45 IST" name="test2" finished-at="2022-07-21T08:02:45 IST" duration-ms="1" status="PASS">
          <reporter-output>
          </reporter-output>
        </test-method> <!-- test2 -->
        <test-method is-config="true" signature="afterMethod()[pri:0, instance:testPack.TestClassA@3c419631]" started-at="2022-07-21T08:02:45 IST" name="afterMethod" finished-at="2022-07-21T08:02:45 IST" duration-ms="1" status="PASS">
          <reporter-output>
          </reporter-output>
        </test-method> <!-- afterMethod -->
        <test-method is-config="true" signature="afterClass()[pri:0, instance:testPack.TestClassA@3c419631]" started-at="2022-07-21T08:02:45 IST" name="afterClass" finished-at="2022-07-21T08:02:45 IST" duration-ms="1" status="PASS">
          <reporter-output>
          </reporter-output>
        </test-method> <!-- afterClass -->
        <test-method is-config="true" signature="afterTest()[pri:0, instance:testPack.TestClassA@3c419631]" started-at="2022-07-21T08:02:45 IST" name="afterTest" finished-at="2022-07-21T08:02:45 IST" duration-ms="1" status="PASS">
          <reporter-output>
          </reporter-output>
        </test-method> <!-- afterTest -->
      </class> <!-- testPack.TestClassA -->
    </test> <!-- chrome -->
    <test started-at="2022-07-21T08:02:45 IST" name="firefox" finished-at="2022-07-21T08:02:45 IST" duration-ms="118">
      <class name="testPack.TestClassB">
        <test-method is-config="true" signature="beforeClass()[pri:0, instance:testPack.TestClassB@28eaa59a]" started-at="2022-07-21T08:02:45 IST" name="beforeClass" finished-at="2022-07-21T08:02:45 IST" duration-ms="0" status="PASS">
          <reporter-output>
          </reporter-output>
        </test-method> <!-- beforeClass -->
        <test-method is-config="true" signature="beforeMethod()[pri:0, instance:testPack.TestClassB@28eaa59a]" started-at="2022-07-21T08:02:45 IST" name="beforeMethod" finished-at="2022-07-21T08:02:45 IST" duration-ms="0" status="PASS">
          <reporter-output>
          </reporter-output>
        </test-method> <!-- beforeMethod -->
        <test-method signature="test1()[pri:0, instance:testPack.TestClassB@28eaa59a]" started-at="2022-07-21T08:02:45 IST" name="test1" finished-at="2022-07-21T08:02:45 IST" duration-ms="4" status="PASS">
          <reporter-output>
          </reporter-output>
        </test-method> <!-- test1 -->
        <test-method is-config="true" signature="afterMethod()[pri:0, instance:testPack.TestClassB@28eaa59a]" started-at="2022-07-21T08:02:45 IST" name="afterMethod" finished-at="2022-07-21T08:02:45 IST" duration-ms="1" status="PASS">
          <reporter-output>
          </reporter-output>
        </test-method> <!-- afterMethod -->
        <test-method is-config="true" signature="beforeMethod()[pri:0, instance:testPack.TestClassB@28eaa59a]" started-at="2022-07-21T08:02:45 IST" name="beforeMethod" finished-at="2022-07-21T08:02:45 IST" duration-ms="1" status="PASS">
          <reporter-output>
          </reporter-output>
        </test-method> <!-- beforeMethod -->
        <test-method signature="test2()[pri:0, instance:testPack.TestClassB@28eaa59a]" started-at="2022-07-21T08:02:45 IST" name="test2" finished-at="2022-07-21T08:02:45 IST" duration-ms="3" status="PASS">
          <reporter-output>
          </reporter-output>
        </test-method> <!-- test2 -->
        <test-method is-config="true" signature="afterMethod()[pri:0, instance:testPack.TestClassB@28eaa59a]" started-at="2022-07-21T08:02:45 IST" name="afterMethod" finished-at="2022-07-21T08:02:45 IST" duration-ms="0" status="PASS">
          <reporter-output>
          </reporter-output>
        </test-method> <!-- afterMethod -->
      </class> <!-- testPack.TestClassB -->
      <class name="testPack.TestClassA">
        <test-method is-config="true" signature="beforeSuite()[pri:0, instance:testPack.TestClassA@7ed7259e]" started-at="2022-07-21T08:02:45 IST" name="beforeSuite" finished-at="2022-07-21T08:02:45 IST" duration-ms="8" status="PASS">
          <reporter-output>
          </reporter-output>
        </test-method> <!-- beforeSuite -->
        <test-method is-config="true" signature="beforeTest()[pri:0, instance:testPack.TestClassA@7ed7259e]" started-at="2022-07-21T08:02:45 IST" name="beforeTest" finished-at="2022-07-21T08:02:45 IST" duration-ms="1" status="PASS">
          <reporter-output>
          </reporter-output>
        </test-method> <!-- beforeTest -->
        <test-method is-config="true" signature="beforeClass()[pri:0, instance:testPack.TestClassA@7ed7259e]" started-at="2022-07-21T08:02:45 IST" name="beforeClass" finished-at="2022-07-21T08:02:45 IST" duration-ms="1" status="PASS">
          <reporter-output>
          </reporter-output>
        </test-method> <!-- beforeClass -->
        <test-method is-config="true" signature="beforeMethod()[pri:0, instance:testPack.TestClassA@7ed7259e]" started-at="2022-07-21T08:02:45 IST" name="beforeMethod" finished-at="2022-07-21T08:02:45 IST" duration-ms="2" status="PASS">
          <reporter-output>
          </reporter-output>
        </test-method> <!-- beforeMethod -->
        <test-method signature="test1()[pri:0, instance:testPack.TestClassA@7ed7259e]" started-at="2022-07-21T08:02:45 IST" name="test1" finished-at="2022-07-21T08:02:45 IST" duration-ms="16" status="PASS">
          <reporter-output>
          </reporter-output>
        </test-method> <!-- test1 -->
        <test-method is-config="true" signature="afterMethod()[pri:0, instance:testPack.TestClassA@7ed7259e]" started-at="2022-07-21T08:02:45 IST" name="afterMethod" finished-at="2022-07-21T08:02:45 IST" duration-ms="1" status="PASS">
          <reporter-output>
          </reporter-output>
        </test-method> <!-- afterMethod -->
        <test-method is-config="true" signature="beforeMethod()[pri:0, instance:testPack.TestClassA@7ed7259e]" started-at="2022-07-21T08:02:45 IST" name="beforeMethod" finished-at="2022-07-21T08:02:45 IST" duration-ms="1" status="PASS">
          <reporter-output>
          </reporter-output>
        </test-method> <!-- beforeMethod -->
        <test-method signature="test2()[pri:0, instance:testPack.TestClassA@7ed7259e]" started-at="2022-07-21T08:02:45 IST" name="test2" finished-at="2022-07-21T08:02:45 IST" duration-ms="3" status="PASS">
          <reporter-output>
          </reporter-output>
        </test-method> <!-- test2 -->
        <test-method is-config="true" signature="afterMethod()[pri:0, instance:testPack.TestClassA@7ed7259e]" started-at="2022-07-21T08:02:45 IST" name="afterMethod" finished-at="2022-07-21T08:02:45 IST" duration-ms="1" status="PASS">
          <reporter-output>
          </reporter-output>
        </test-method> <!-- afterMethod -->
        <test-method is-config="true" signature="afterClass()[pri:0, instance:testPack.TestClassA@7ed7259e]" started-at="2022-07-21T08:02:45 IST" name="afterClass" finished-at="2022-07-21T08:02:45 IST" duration-ms="1" status="PASS">
          <reporter-output>
          </reporter-output>
        </test-method> <!-- afterClass -->
        <test-method is-config="true" signature="afterTest()[pri:0, instance:testPack.TestClassA@7ed7259e]" started-at="2022-07-21T08:02:45 IST" name="afterTest" finished-at="2022-07-21T08:02:45 IST" duration-ms="0" status="PASS">
          <reporter-output>
          </reporter-output>
        </test-method> <!-- afterTest -->
        <test-method is-config="true" signature="afterSuite()[pri:0, instance:testPack.TestClassA@7ed7259e]" started-at="2022-07-21T08:02:45 IST" name="afterSuite" finished-at="2022-07-21T08:02:45 IST" duration-ms="1" status="PASS">
          <reporter-output>
          </reporter-output>
        </test-method> <!-- afterSuite -->
      </class> <!-- testPack.TestClassA -->
    </test> <!-- firefox -->
  </suite> <!-- Suite -->
</testng-results>
